Determining if the pthread_create exist failed with the following output:
Change Dir: /home/zxp-s-works/Desktop/Mobile_Rob/Project/charging_bot_ws/build/CMakeFiles/CMakeTmp

Run Build Command:"/usr/bin/make" "cmTC_e4333/fast"
/usr/bin/make -f CMakeFiles/cmTC_e4333.dir/build.make CMakeFiles/cmTC_e4333.dir/build
make[1]: Entering directory '/home/zxp-s-works/Desktop/Mobile_Rob/Project/charging_bot_ws/build/CMakeFiles/CMakeTmp'
Building C object CMakeFiles/cmTC_e4333.dir/CheckSymbolExists.c.o
/usr/bin/cc     -o CMakeFiles/cmTC_e4333.dir/CheckSymbolExists.c.o   -c /home/zxp-s-works/Desktop/Mobile_Rob/Project/charging_bot_ws/build/CMakeFiles/CMakeTmp/CheckSymbolExists.c
Linking C executable cmTC_e4333
/usr/bin/cmake -E cmake_link_script CMakeFiles/cmTC_e4333.dir/link.txt --verbose=1
/usr/bin/cc       CMakeFiles/cmTC_e4333.dir/CheckSymbolExists.c.o  -o cmTC_e4333 -rdynamic 
CMakeFiles/cmTC_e4333.dir/CheckSymbolExists.c.o: In function `main':
CheckSymbolExists.c:(.text+0x16): undefined reference to `pthread_create'
collect2: error: ld returned 1 exit status
CMakeFiles/cmTC_e4333.dir/build.make:97: recipe for target 'cmTC_e4333' failed
make[1]: *** [cmTC_e4333] Error 1
make[1]: Leaving directory '/home/zxp-s-works/Desktop/Mobile_Rob/Project/charging_bot_ws/build/CMakeFiles/CMakeTmp'
Makefile:126: recipe for target 'cmTC_e4333/fast' failed
make: *** [cmTC_e4333/fast] Error 2

File /home/zxp-s-works/Desktop/Mobile_Rob/Project/charging_bot_ws/build/CMakeFiles/CMakeTmp/CheckSymbolExists.c:
/* */
#include <pthread.h>

int main(int argc, char** argv)
{
  (void)argv;
#ifndef pthread_create
  return ((int*)(&pthread_create))[argc];
#else
  (void)argc;
  return 0;
#endif
}

Determining if the function pthread_create exists in the pthreads failed with the following output:
Change Dir: /home/zxp-s-works/Desktop/Mobile_Rob/Project/charging_bot_ws/build/CMakeFiles/CMakeTmp

Run Build Command:"/usr/bin/make" "cmTC_9d66e/fast"
/usr/bin/make -f CMakeFiles/cmTC_9d66e.dir/build.make CMakeFiles/cmTC_9d66e.dir/build
make[1]: Entering directory '/home/zxp-s-works/Desktop/Mobile_Rob/Project/charging_bot_ws/build/CMakeFiles/CMakeTmp'
Building C object CMakeFiles/cmTC_9d66e.dir/CheckFunctionExists.c.o
/usr/bin/cc    -DCHECK_FUNCTION_EXISTS=pthread_create   -o CMakeFiles/cmTC_9d66e.dir/CheckFunctionExists.c.o   -c /usr/share/cmake-3.5/Modules/CheckFunctionExists.c
Linking C executable cmTC_9d66e
/usr/bin/cmake -E cmake_link_script CMakeFiles/cmTC_9d66e.dir/link.txt --verbose=1
/usr/bin/cc   -DCHECK_FUNCTION_EXISTS=pthread_create    CMakeFiles/cmTC_9d66e.dir/CheckFunctionExists.c.o  -o cmTC_9d66e -rdynamic -lpthreads 
/usr/bin/ld: cannot find -lpthreads
collect2: error: ld returned 1 exit status
CMakeFiles/cmTC_9d66e.dir/build.make:97: recipe for target 'cmTC_9d66e' failed
make[1]: *** [cmTC_9d66e] Error 1
make[1]: Leaving directory '/home/zxp-s-works/Desktop/Mobile_Rob/Project/charging_bot_ws/build/CMakeFiles/CMakeTmp'
Makefile:126: recipe for target 'cmTC_9d66e/fast' failed
make: *** [cmTC_9d66e/fast] Error 2


